Start testing: Jun 25 20:51 CST
----------------------------------------------------------
Unable to find executable: /Project/liweiguo/test/modern-cpp-template/bin/ProjectTests
1/1 Testing: ProjectTests
1/1 Test: ProjectTests
Command: ""
Directory: /Project/liweiguo/test/modern-cpp-template/build/test
"ProjectTests" start time: 
Output:
----------------------------------------------------------
<end of output>
Test time =   0.00 sec
----------------------------------------------------------
Test Passed.
"ProjectTests" end time: Jun 25 20:51 CST
"ProjectTests" time elapsed: 00:00:00
----------------------------------------------------------

End testing: Jun 25 20:51 CST
